{"name": "test_cart_is_available[android]", "status": "failed", "statusDetails": {"message": "AssertionError: Не нашли вкладку: 'Корзина' ни по accessibility id, ни по фолбэкам", "trace": "tests/test_smoke.py:36: in test_cart_is_available\n    nav.open(\"Корзина\")\ncomponents/bottom_nav.py:55: in open\n    raise AssertionError(f\"Не нашли вкладку: {name!r} ни по accessibility id, ни по фолбэкам\")\nE   AssertionError: Не нашли вкладку: 'Корзина' ни по accessibility id, ни по фолбэкам"}, "steps": [{"name": "Проверка корзины", "status": "passed", "start": 1759840407415, "stop": 1759840461882}], "parameters": [{"name": "multi_platform", "value": "'android'"}], "start": 1759840407415, "stop": 1759840503542, "uuid": "066bcb8e-ee0a-4a99-b480-347c3e0819e2", "historyId": "5e6b92c261e2171b11eb14fd41f4a4e7", "testCaseId": "67f9ab15848cbec3fde871163797bbab", "fullName": "tests.test_smoke#test_cart_is_available", "labels": [{"name": "parentSuite", "value": "tests"}, {"name": "suite", "value": "test_smoke"}, {"name": "host", "value": "MacBook-Pro-00059362.local"}, {"name": "thread", "value": "3726-MainThread"}, {"name": "framework", "value": "pytest"}, {"name": "language", "value": "cpython3"}, {"name": "package", "value": "tests.test_smoke"}], "titlePath": ["tests", "test_smoke.py"]}