{"name": "test_more_is_available[android]", "status": "failed", "statusDetails": {"message": "AssertionError: Не нашли вкладку: 'Еще' ни по accessibility id, ни по фолбэкам", "trace": "tests/test_smoke.py:50: in test_more_is_available\n    nav.open(\"Еще\")\ncomponents/bottom_nav.py:55: in open\n    raise AssertionError(f\"Не нашли вкладку: {name!r} ни по accessibility id, ни по фолбэкам\")\nE   AssertionError: Не нашли вкладку: 'Еще' ни по accessibility id, ни по фолбэкам"}, "steps": [{"name": "Проверка Еще", "status": "failed", "statusDetails": {"message": "AssertionError: Не нашли вкладку: 'Еще' ни по accessibility id, ни по фолбэкам\n", "trace": "  File \"/Users/a00059362/Desktop/Новая папка/onlineduken/tests/test_smoke.py\", line 50, in test_more_is_available\n    nav.open(\"Еще\")\n    ~~~~~~~~^^^^^^^\n  File \"/Users/a00059362/Desktop/Новая папка/onlineduken/components/bottom_nav.py\", line 55, in open\n    raise AssertionError(f\"Не нашли вкладку: {name!r} ни по accessibility id, ни по фолбэкам\")\n"}, "start": 1759840503554, "stop": 1759840503743}], "parameters": [{"name": "multi_platform", "value": "'android'"}], "start": 1759840503554, "stop": 1759840503744, "uuid": "c981365f-4f29-411f-bb7a-427ef9e94faa", "historyId": "d96222a33a23f3f178a14cd575824d2e", "testCaseId": "078a1097c1c5d8500047ba9b263c938d", "fullName": "tests.test_smoke#test_more_is_available", "labels": [{"name": "parentSuite", "value": "tests"}, {"name": "suite", "value": "test_smoke"}, {"name": "host", "value": "MacBook-Pro-00059362.local"}, {"name": "thread", "value": "3726-MainThread"}, {"name": "framework", "value": "pytest"}, {"name": "language", "value": "cpython3"}, {"name": "package", "value": "tests.test_smoke"}], "titlePath": ["tests", "test_smoke.py"]}